<?xml version="1.0" encoding="UTF-8"?>
<!-- Generated by org.testng.reporters.JUnitReportReporter -->
<testsuite skipped="0" hostname="Shriya-pepal" name="APItest.APItest.APItest" tests="2" failures="0" timestamp="02 Mar 2018 06:34:03 GMT" time="21.737" errors="0">
  <testcase name="LoginAPI" time="0.492" classname="APItest.APItest.APItest"/>
  <testcase name="set" time="21.245" classname="APItest.APItest.APItest"/>
</testsuite> <!-- APItest.APItest.APItest -->
